Using pre-set license
Built from '2021.3/staging' branch; Version is '2021.3.2f1 (d6360bedb9a0) revision 14038539'; Using compiler version '192829333'; Build Type 'Release'
OS: 'Windows 11  (10.0.22000) 64bit Education' Language: 'zh' Physical Memory: 16334 MB
BatchMode: 1, IsHumanControllingUs: 0, StartBugReporterOnCrash: 0, Is64bit: 1, IsPro: 1

COMMAND LINE ARGUMENTS:
C:\Program Files\Unity\Hub\Editor\2021.3.2f1\Editor\Unity.exe
-adb2
-batchMode
-noUpm
-name
AssetImportWorker0
-projectPath
C:/Users/d0857/FCUGameFi
-logFile
Logs/AssetImportWorker0.log
-srvPort
64025
Successfully changed project path to: C:/Users/d0857/FCUGameFi
C:/Users/d0857/FCUGameFi
[UnityMemory] Configuration Parameters - Can be set up in boot.config
    "memorysetup-bucket-allocator-granularity=16"
    "memorysetup-bucket-allocator-bucket-count=8"
    "memorysetup-bucket-allocator-block-size=33554432"
    "memorysetup-bucket-allocator-block-count=8"
    "memorysetup-main-allocator-block-size=16777216"
    "memorysetup-thread-allocator-block-size=16777216"
    "memorysetup-gfx-main-allocator-block-size=16777216"
    "memorysetup-gfx-thread-allocator-block-size=16777216"
    "memorysetup-cache-allocator-block-size=4194304"
    "memorysetup-typetree-allocator-block-size=2097152"
    "memorysetup-profiler-bucket-allocator-granularity=16"
    "memorysetup-profiler-bucket-allocator-bucket-count=8"
    "memorysetup-profiler-bucket-allocator-block-size=33554432"
    "memorysetup-profiler-bucket-allocator-block-count=8"
    "memorysetup-profiler-allocator-block-size=16777216"
    "memorysetup-profiler-editor-allocator-block-size=1048576"
    "memorysetup-temp-allocator-size-main=16777216"
    "memorysetup-job-temp-allocator-block-size=2097152"
    "memorysetup-job-temp-allocator-block-size-background=1048576"
    "memorysetup-job-temp-allocator-reduction-small-platforms=262144"
    "memorysetup-temp-allocator-size-background-worker=32768"
    "memorysetup-temp-allocator-size-job-worker=262144"
    "memorysetup-temp-allocator-size-preload-manager=33554432"
    "memorysetup-temp-allocator-size-nav-mesh-worker=65536"
    "memorysetup-temp-allocator-size-audio-worker=65536"
    "memorysetup-temp-allocator-size-cloud-worker=32768"
    "memorysetup-temp-allocator-size-gi-baking-worker=262144"
    "memorysetup-temp-allocator-size-gfx=262144"
Refreshing native plugins compatible for Editor in 103.90 ms, found 3 plugins.
Preloading 0 native plugins for Editor in 0.00 ms.
Initialize engine version: 2021.3.2f1 (d6360bedb9a0)
[Subsystems] Discovering subsystems at path C:/Program Files/Unity/Hub/Editor/2021.3.2f1/Editor/Data/Resources/UnitySubsystems
[Subsystems] Discovering subsystems at path C:/Users/d0857/FCUGameFi/Assets
GfxDevice: creating device client; threaded=0; jobified=0
Direct3D:
    Version:  Direct3D 11.0 [level 11.1]
    Renderer: NVIDIA GeForce GTX 1070 (ID=0x1b81)
    Vendor:   NVIDIA
    VRAM:     8088 MB
    Driver:   27.21.14.5671
Initialize mono
Mono path[0] = 'C:/Program Files/Unity/Hub/Editor/2021.3.2f1/Editor/Data/Managed'
Mono path[1] = 'C:/Program Files/Unity/Hub/Editor/2021.3.2f1/Editor/Data/MonoBleedingEdge/lib/mono/unityjit-win32'
Mono config path = 'C:/Program Files/Unity/Hub/Editor/2021.3.2f1/Editor/Data/MonoBleedingEdge/etc'
Using monoOptions --debugger-agent=transport=dt_socket,embedding=1,server=y,suspend=n,address=127.0.0.1:56416
Begin MonoManager ReloadAssembly
Registering precompiled unity dll's ...
Register platform support module: C:/Program Files/Unity/Hub/Editor/2021.3.2f1/Editor/Data/PlaybackEngines/AndroidPlayer/UnityEditor.Android.Extensions.dll
Register platform support module: C:/Program Files/Unity/Hub/Editor/2021.3.2f1/Editor/Data/PlaybackEngines/WindowsStandaloneSupport/UnityEditor.WindowsStandalone.Extensions.dll
Registered in 0.005537 seconds.
Native extension for WindowsStandalone target not found
Native extension for Android target not found
Refreshing native plugins compatible for Editor in 106.65 ms, found 3 plugins.
Preloading 0 native plugins for Editor in 0.00 ms.
Mono: successfully reloaded assembly
- Completed reload, in  0.780 seconds
Domain Reload Profiling:
	ReloadAssembly (780ms)
		BeginReloadAssembly (85ms)
			ExecutionOrderSort (0ms)
			DisableScriptedObjects (0ms)
			BackupInstance (0ms)
			ReleaseScriptingObjects (0ms)
			CreateAndSetChildDomain (1ms)
		EndReloadAssembly (557ms)
			LoadAssemblies (83ms)
			RebuildTransferFunctionScriptingTraits (0ms)
			SetupTypeCache (123ms)
			ReleaseScriptCaches (0ms)
			RebuildScriptCaches (32ms)
			SetupLoadedEditorAssemblies (345ms)
				LogAssemblyErrors (0ms)
				InitializePlatformSupportModulesInManaged (67ms)
				SetLoadedEditorAssemblies (0ms)
				RefreshPlugins (107ms)
				BeforeProcessingInitializeOnLoad (2ms)
				ProcessInitializeOnLoadAttributes (117ms)
				ProcessInitializeOnLoadMethodAttributes (53ms)
				AfterProcessingInitializeOnLoad (0ms)
				EditorAssembliesLoaded (0ms)
			ExecutionOrderSort2 (0ms)
			AwakeInstancesAfterBackupRestoration (0ms)
Platform modules already initialized, skipping
Registering precompiled user dll's ...
Registered in 0.008192 seconds.
Begin MonoManager ReloadAssembly
Symbol file LoadedFromMemory doesn't match image C:\Users\d0857\FCUGameFi\Library\PackageCache\com.unity.visualscripting@1.7.8\Editor\VisualScripting.Core\Dependencies\YamlDotNet\Unity.VisualScripting.YamlDotNet.dll
Symbol file LoadedFromMemory doesn't match image C:\Users\d0857\FCUGameFi\Library\PackageCache\com.unity.visualscripting@1.7.8\Editor\VisualScripting.Core\Dependencies\DotNetZip\Unity.VisualScripting.IonicZip.dll
Native extension for WindowsStandalone target not found
Native extension for Android target not found
Refreshing native plugins compatible for Editor in 1.45 ms, found 3 plugins.
Preloading 0 native plugins for Editor in 0.00 ms.
Mono: successfully reloaded assembly
- Completed reload, in  1.386 seconds
Domain Reload Profiling:
	ReloadAssembly (1387ms)
		BeginReloadAssembly (230ms)
			ExecutionOrderSort (0ms)
			DisableScriptedObjects (7ms)
			BackupInstance (0ms)
			ReleaseScriptingObjects (0ms)
			CreateAndSetChildDomain (128ms)
		EndReloadAssembly (1028ms)
			LoadAssemblies (91ms)
			RebuildTransferFunctionScriptingTraits (0ms)
			SetupTypeCache (314ms)
			ReleaseScriptCaches (1ms)
			RebuildScriptCaches (66ms)
			SetupLoadedEditorAssemblies (510ms)
				LogAssemblyErrors (0ms)
				InitializePlatformSupportModulesInManaged (24ms)
				SetLoadedEditorAssemblies (1ms)
				RefreshPlugins (2ms)
				BeforeProcessingInitializeOnLoad (109ms)
				ProcessInitializeOnLoadAttributes (315ms)
				ProcessInitializeOnLoadMethodAttributes (52ms)
				AfterProcessingInitializeOnLoad (7ms)
				EditorAssembliesLoaded (0ms)
			ExecutionOrderSort2 (0ms)
			AwakeInstancesAfterBackupRestoration (8ms)
Platform modules already initialized, skipping
========================================================================
Worker process is ready to serve import requests
Launched and connected shader compiler UnityShaderCompiler.exe after 0.06 seconds
Refreshing native plugins compatible for Editor in 0.76 ms, found 3 plugins.
Preloading 0 native plugins for Editor in 0.00 ms.
Unloading 3843 Unused Serialized files (Serialized files now loaded: 0)
Unloading 92 unused Assets / (10.2 MB). Loaded Objects now: 4255.
Memory consumption went from 177.2 MB to 167.0 MB.
Total: 9.618400 ms (FindLiveObjects: 0.443900 ms CreateObjectMapping: 0.117500 ms MarkObjects: 3.421000 ms  DeleteObjects: 5.634500 ms)

AssetImportParameters requested are different than current active one (requested -> active):
  custom:video-decoder-ogg-theora: a1e56fd34408186e4bbccfd4996cb3dc -> 
  custom:container-muxer-webm: aa71ff27fc2769a1b78a27578f13a17b -> 
  custom:container-demuxer-webm: 4f35f7cbe854078d1ac9338744f61a02 -> 
  custom:video-encoder-webm-vp8: eb34c28f22e8b96e1ab97ce403110664 -> 
  custom:video-codec-MediaFoundation-h265: 746d11721c4dcdbdad8f713fa42b33f4 -> 
  custom:audio-encoder-webm-vorbis: bf7c407c2cedff20999df2af8eb42d56 -> 
  custom:framework-win-MediaFoundation: 216162199b28c13a410421893ffa2e32 -> 
  custom:container-demuxer-ogg: 62fdf1f143b41e24485cea50d1cbac27 -> 
  custom:video-decoder-webm-vp8: 9c59270c3fd7afecdb556c50c9e8de78 -> 
  custom:audio-decoder-ogg-vorbis: bf7c407c2cedff20999df2af8eb42d56 -> 
========================================================================
Received Import Request.
  Time since last request: 223986.698310 seconds.
  path: Assets/Animator/Player Animator Controller.controller
  artifactKey: Guid(50c1f046f14fa1841a97d7c846f8ad3d) Importer(815301076,1909f56bfc062723c751e8b465ee728b)
Start importing Assets/Animator/Player Animator Controller.controller using Guid(50c1f046f14fa1841a97d7c846f8ad3d) Importer(815301076,1909f56bfc062723c751e8b465ee728b)  -> (artifact id: '371579f5b79f1401caf74f0a23db03c3') in 0.064889 seconds 
========================================================================
Received Import Request.
  Time since last request: 47.178321 seconds.
  path: Assets/Blink/Art/Animations/Animations_Starter_Pack/Movement/RunLeft.fbx
  artifactKey: Guid(eee239821c2dee4429fa8125a1fd6023) Importer(815301076,1909f56bfc062723c751e8b465ee728b)
Start importing Assets/Blink/Art/Animations/Animations_Starter_Pack/Movement/RunLeft.fbx using Guid(eee239821c2dee4429fa8125a1fd6023) Importer(815301076,1909f56bfc062723c751e8b465ee728b)  -> (artifact id: 'db6800e326109822d19dec18d04b1532') in 0.032335 seconds 
========================================================================
Received Import Request.
  Time since last request: 6.712060 seconds.
  path: Assets/Blink/Art/Animations/Animations_Starter_Pack/Movement/Sprint.fbx
  artifactKey: Guid(dcacd08f98af5794db5b56a6a66048e7) Importer(815301076,1909f56bfc062723c751e8b465ee728b)
Start importing Assets/Blink/Art/Animations/Animations_Starter_Pack/Movement/Sprint.fbx using Guid(dcacd08f98af5794db5b56a6a66048e7) Importer(815301076,1909f56bfc062723c751e8b465ee728b)  -> (artifact id: 'bef0874958d0acd05f6ccb046ba495a3') in 0.017342 seconds 
========================================================================
Received Import Request.
  Time since last request: 11.200415 seconds.
  path: Assets/Blink/Art/Animations/Animations_Starter_Pack/Combat/StunnedLoop.fbx
  artifactKey: Guid(8f760fa0100eb634b937fa931744496e) Importer(815301076,1909f56bfc062723c751e8b465ee728b)
Start importing Assets/Blink/Art/Animations/Animations_Starter_Pack/Combat/StunnedLoop.fbx using Guid(8f760fa0100eb634b937fa931744496e) Importer(815301076,1909f56bfc062723c751e8b465ee728b)  -> (artifact id: '92e2dce9537cce1abb75b97a413c35ff') in 0.016436 seconds 
========================================================================
Received Import Request.
  Time since last request: 4.896921 seconds.
  path: Assets/Blink/Art/Animations/Animations_Starter_Pack/Combat/BlockingLoop.fbx
  artifactKey: Guid(a8bd4d740daa72c46bbff25e229c4ad2) Importer(815301076,1909f56bfc062723c751e8b465ee728b)
Start importing Assets/Blink/Art/Animations/Animations_Starter_Pack/Combat/BlockingLoop.fbx using Guid(a8bd4d740daa72c46bbff25e229c4ad2) Importer(815301076,1909f56bfc062723c751e8b465ee728b)  -> (artifact id: '23e6958565eb0b1c342d72f2b00568fb') in 0.015683 seconds 
========================================================================
Received Import Request.
  Time since last request: 17.057344 seconds.
  path: Assets/Blink/Art/Animations/Animations_Starter_Pack/Combat/BowShot.fbx
  artifactKey: Guid(9cbb2a4d135c31e4cbeadac255ba4ecb) Importer(815301076,1909f56bfc062723c751e8b465ee728b)
Start importing Assets/Blink/Art/Animations/Animations_Starter_Pack/Combat/BowShot.fbx using Guid(9cbb2a4d135c31e4cbeadac255ba4ecb) Importer(815301076,1909f56bfc062723c751e8b465ee728b)  -> (artifact id: '3f8ac7e6aa795eb21035cae1e7a68169') in 0.017299 seconds 
========================================================================
Received Import Request.
  Time since last request: 5.835131 seconds.
  path: Assets/Blink/Art/Animations/Animations_Starter_Pack/Combat/CastingLoop.fbx
  artifactKey: Guid(d6557ad5f7261ce4c8fe9f8f67c9d4cd) Importer(815301076,1909f56bfc062723c751e8b465ee728b)
Start importing Assets/Blink/Art/Animations/Animations_Starter_Pack/Combat/CastingLoop.fbx using Guid(d6557ad5f7261ce4c8fe9f8f67c9d4cd) Importer(815301076,1909f56bfc062723c751e8b465ee728b)  -> (artifact id: '430ef93a6ac4d344eef8b520be05af06') in 0.017969 seconds 
========================================================================
Received Import Request.
  Time since last request: 5.838179 seconds.
  path: Assets/Blink/Art/Animations/Animations_Starter_Pack/Gathering/Gathering.fbx
  artifactKey: Guid(f946b4c12eb389240af2e7476c0a67a5) Importer(815301076,1909f56bfc062723c751e8b465ee728b)
Start importing Assets/Blink/Art/Animations/Animations_Starter_Pack/Gathering/Gathering.fbx using Guid(f946b4c12eb389240af2e7476c0a67a5) Importer(815301076,1909f56bfc062723c751e8b465ee728b)  -> (artifact id: 'e6a5ca642b3511a41dd7740523c828fd') in 0.019294 seconds 
========================================================================
Received Import Request.
  Time since last request: 5.691679 seconds.
  path: Assets/Blink/Art/Animations/Animations_Starter_Pack/Gathering/MiningLoop.fbx
  artifactKey: Guid(10fa50c59af8fd440a0348904414802a) Importer(815301076,1909f56bfc062723c751e8b465ee728b)
Start importing Assets/Blink/Art/Animations/Animations_Starter_Pack/Gathering/MiningLoop.fbx using Guid(10fa50c59af8fd440a0348904414802a) Importer(815301076,1909f56bfc062723c751e8b465ee728b)  -> (artifact id: 'c28104be7f40daf2b18ef235c34c6589') in 0.018761 seconds 
========================================================================
Received Import Request.
  Time since last request: 13.652569 seconds.
  path: Assets/Blink/Art/Animations/Animations_Starter_Pack/Movement/RollBackward.fbx
  artifactKey: Guid(57d50d7ecb0231244b77aacf40cacf29) Importer(815301076,1909f56bfc062723c751e8b465ee728b)
Start importing Assets/Blink/Art/Animations/Animations_Starter_Pack/Movement/RollBackward.fbx using Guid(57d50d7ecb0231244b77aacf40cacf29) Importer(815301076,1909f56bfc062723c751e8b465ee728b)  -> (artifact id: '679d43cdd06f052b0b459ae9946b7faa') in 0.017232 seconds 
========================================================================
Received Import Request.
  Time since last request: 7.389913 seconds.
  path: Assets/Blink/Art/Animations/Animations_Starter_Pack/Movement/RunForward.fbx
  artifactKey: Guid(081930da5e255e348940373200bbeaca) Importer(815301076,1909f56bfc062723c751e8b465ee728b)
Start importing Assets/Blink/Art/Animations/Animations_Starter_Pack/Movement/RunForward.fbx using Guid(081930da5e255e348940373200bbeaca) Importer(815301076,1909f56bfc062723c751e8b465ee728b)  -> (artifact id: 'e72ef20314b6390b022cc65865306bfc') in 0.014653 seconds 
========================================================================
Received Import Request.
  Time since last request: 54.411920 seconds.
  path: Assets/Blink/Art/Animations/Animations_Starter_Pack/Combat/SpellCast.fbx
  artifactKey: Guid(afb2e0e8e5b867f49ad94f4e813c3570) Importer(815301076,1909f56bfc062723c751e8b465ee728b)
Start importing Assets/Blink/Art/Animations/Animations_Starter_Pack/Combat/SpellCast.fbx using Guid(afb2e0e8e5b867f49ad94f4e813c3570) Importer(815301076,1909f56bfc062723c751e8b465ee728b)  -> (artifact id: '25ec233980ddec256dbaa6821b18ec2f') in 0.017336 seconds 
========================================================================
Received Import Request.
  Time since last request: 4.558168 seconds.
  path: Assets/Blink/Art/Animations/Animations_Starter_Pack/Combat/PunchRight.fbx
  artifactKey: Guid(b4ed12fcea5716a4b88a664cf716cfc6) Importer(815301076,1909f56bfc062723c751e8b465ee728b)
Start importing Assets/Blink/Art/Animations/Animations_Starter_Pack/Combat/PunchRight.fbx using Guid(b4ed12fcea5716a4b88a664cf716cfc6) Importer(815301076,1909f56bfc062723c751e8b465ee728b)  -> (artifact id: '5451a30888724998f760fb5cc3322e87') in 0.014740 seconds 
========================================================================
Received Import Request.
  Time since last request: 4.044364 seconds.
  path: Assets/Blink/Art/Animations/Animations_Starter_Pack/Combat/PunchLeft.fbx
  artifactKey: Guid(d193a764e528253418a9c8161269688c) Importer(815301076,1909f56bfc062723c751e8b465ee728b)
Start importing Assets/Blink/Art/Animations/Animations_Starter_Pack/Combat/PunchLeft.fbx using Guid(d193a764e528253418a9c8161269688c) Importer(815301076,1909f56bfc062723c751e8b465ee728b)  -> (artifact id: '36e4d11ae90a70b9c551d8878e069832') in 0.014885 seconds 
========================================================================
Received Import Request.
  Time since last request: 18.817798 seconds.
  path: Assets/Blink/Art/Animations/Animations_Starter_Pack/Movement/RunBackward.fbx
  artifactKey: Guid(13868b4eb0d3b8a49a77cc4989b9a3de) Importer(815301076,1909f56bfc062723c751e8b465ee728b)
Start importing Assets/Blink/Art/Animations/Animations_Starter_Pack/Movement/RunBackward.fbx using Guid(13868b4eb0d3b8a49a77cc4989b9a3de) Importer(815301076,1909f56bfc062723c751e8b465ee728b)  -> (artifact id: '790a320313078306b631fa8e25c9b3d7') in 0.016258 seconds 
